Removed Pin From Net: NetName=VCC Pin=BLE1-1
Removed Pin From Net: NetName=GND Pin=BLE1-24
Removed Member From Class: ClassName=LF_Light_BluClassic Member=BLE1
Added Pin To Net: NetName=VCC Pin=BluC-12
Added Pin To Net: NetName=GND Pin=BluC-13
Added Pin To Net: NetName=GND Pin=BluC-21
Added Pin To Net: NetName=GND Pin=BluC-22
Added Pin To Net: NetName=BLU_AbandonMemory Pin=BluC-26
Added Pin To Net: NetName=BLU_AbandonMemory Pin=U5-84
Added Net: Name=BLU_AbandonMemory
Added Pin To Net: NetName=BLU_RESET Pin=BluC-11
Added Pin To Net: NetName=BLU_RESET Pin=U5-85
Added Net: Name=BLU_RESET
Added Pin To Net: NetName=USART2_BLU_stmRX Pin=BluC-1
Added Pin To Net: NetName=USART2_BLU_stmRX Pin=U5-87
Added Net: Name=USART2_BLU_stmRX
Added Pin To Net: NetName=USART2_BLU_stmTX Pin=BluC-2
Added Pin To Net: NetName=USART2_BLU_stmTX Pin=U5-86
Added Net: Name=USART2_BLU_stmTX
Added Room: Name=LF_Light_BluClassic
